<?xml version="1.0" encoding="UTF-8"?>
<testsuite name="dio.innovationone.CitiesAPI.CitiesApiApplicationTests" tests="1" skipped="0" failures="0" errors="0" timestamp="2022-03-24T03:09:21" hostname="GPMrks" time="0.065">
  <properties/>
  <testcase name="contextLoads()" classname="dio.innovationone.CitiesAPI.CitiesApiApplicationTests" time="0.065"/>
  <system-out><![CDATA[00:09:19.258 [Test worker] DEBUG org.springframework.test.context.BootstrapUtils - Instantiating CacheAwareContextLoaderDelegate from class [org.springframework.test.context.cache.DefaultCacheAwareContextLoaderDelegate]
00:09:19.263 [Test worker] DEBUG org.springframework.test.context.BootstrapUtils - Instantiating BootstrapContext using constructor [public org.springframework.test.context.support.DefaultBootstrapContext(java.lang.Class,org.springframework.test.context.CacheAwareContextLoaderDelegate)]
00:09:19.280 [Test worker] DEBUG org.springframework.test.context.BootstrapUtils - Instantiating TestContextBootstrapper for test class [dio.innovationone.CitiesAPI.CitiesApiApplicationTests] from class [org.springframework.boot.test.context.SpringBootTestContextBootstrapper]
00:09:19.295 [Test worker] INFO org.springframework.boot.test.context.SpringBootTestContextBootstrapper - Neither @ContextConfiguration nor @ContextHierarchy found for test class [dio.innovationone.CitiesAPI.CitiesApiApplicationTests], using SpringBootContextLoader
00:09:19.297 [Test worker] DEBUG org.springframework.test.context.support.AbstractContextLoader - Did not detect default resource location for test class [dio.innovationone.CitiesAPI.CitiesApiApplicationTests]: class path resource [dio/innovationone/CitiesAPI/CitiesApiApplicationTests-context.xml] does not exist
00:09:19.298 [Test worker] DEBUG org.springframework.test.context.support.AbstractContextLoader - Did not detect default resource location for test class [dio.innovationone.CitiesAPI.CitiesApiApplicationTests]: class path resource [dio/innovationone/CitiesAPI/CitiesApiApplicationTestsContext.groovy] does not exist
00:09:19.298 [Test worker] INFO org.springframework.test.context.support.AbstractContextLoader - Could not detect default resource locations for test class [dio.innovationone.CitiesAPI.CitiesApiApplicationTests]: no resource found for suffixes {-context.xml, Context.groovy}.
00:09:19.298 [Test worker] INFO org.springframework.test.context.support.AnnotationConfigContextLoaderUtils - Could not detect default configuration classes for test class [dio.innovationone.CitiesAPI.CitiesApiApplicationTests]: CitiesApiApplicationTests does not declare any static, non-private, non-final, nested classes annotated with @Configuration.
00:09:19.320 [Test worker] DEBUG org.springframework.test.context.support.ActiveProfilesUtils - Could not find an 'annotation declaring class' for annotation type [org.springframework.test.context.ActiveProfiles] and class [dio.innovationone.CitiesAPI.CitiesApiApplicationTests]
00:09:19.350 [Test worker] DEBUG org.springframework.context.annotation.ClassPathScanningCandidateComponentProvider - Identified candidate component class: file [/home/gpmrks/CitiesAPI/build/classes/java/main/dio/innovationone/CitiesAPI/CitiesApiApplication.class]
00:09:19.351 [Test worker] INFO org.springframework.boot.test.context.SpringBootTestContextBootstrapper - Found @SpringBootConfiguration dio.innovationone.CitiesAPI.CitiesApiApplication for test class dio.innovationone.CitiesAPI.CitiesApiApplicationTests
00:09:19.399 [Test worker] DEBUG org.springframework.boot.test.context.SpringBootTestContextBootstrapper - @TestExecutionListeners is not present for class [dio.innovationone.CitiesAPI.CitiesApiApplicationTests]: using defaults.
00:09:19.399 [Test worker] INFO org.springframework.boot.test.context.SpringBootTestContextBootstrapper - Loaded default TestExecutionListener class names from location [META-INF/spring.factories]: [org.springframework.boot.test.autoconfigure.restdocs.RestDocsTestExecutionListener, org.springframework.boot.test.autoconfigure.web.client.MockRestServiceServerResetTestExecutionListener, org.springframework.boot.test.autoconfigure.web.servlet.MockMvcPrintOnlyOnFailureTestExecutionListener, org.springframework.boot.test.autoconfigure.web.servlet.WebDriverTestExecutionListener, org.springframework.boot.test.autoconfigure.webservices.client.MockWebServiceServerTestExecutionListener, org.springframework.boot.test.mock.mockito.MockitoTestExecutionListener, org.springframework.boot.test.mock.mockito.ResetMocksTestExecutionListener, org.springframework.test.context.web.ServletTestExecutionListener, org.springframework.test.context.support.DirtiesContextBeforeModesTestExecutionListener, org.springframework.test.context.event.ApplicationEventsTestExecutionListener, org.springframework.test.context.support.DependencyInjectionTestExecutionListener, org.springframework.test.context.support.DirtiesContextTestExecutionListener, org.springframework.test.context.transaction.TransactionalTestExecutionListener, org.springframework.test.context.jdbc.SqlScriptsTestExecutionListener, org.springframework.test.context.event.EventPublishingTestExecutionListener]
00:09:19.406 [Test worker] INFO org.springframework.boot.test.context.SpringBootTestContextBootstrapper - Using TestExecutionListeners: [org.springframework.test.context.web.ServletTestExecutionListener@306851c7, org.springframework.test.context.support.DirtiesContextBeforeModesTestExecutionListener@12bcd0c0, org.springframework.test.context.event.ApplicationEventsTestExecutionListener@4879f0f2, org.springframework.boot.test.mock.mockito.MockitoTestExecutionListener@47db5fa5, org.springframework.boot.test.autoconfigure.SpringBootDependencyInjectionTestExecutionListener@354fc8f0, org.springframework.test.context.support.DirtiesContextTestExecutionListener@41813449, org.springframework.test.context.transaction.TransactionalTestExecutionListener@4678a2eb, org.springframework.test.context.jdbc.SqlScriptsTestExecutionListener@5b43fbf6, org.springframework.test.context.event.EventPublishingTestExecutionListener@1080b026, org.springframework.boot.test.autoconfigure.restdocs.RestDocsTestExecutionListener@58ebfd03, org.springframework.boot.test.autoconfigure.web.client.MockRestServiceServerResetTestExecutionListener@5b07730f, org.springframework.boot.test.autoconfigure.web.servlet.MockMvcPrintOnlyOnFailureTestExecutionListener@1fdfafd2, org.springframework.boot.test.autoconfigure.web.servlet.WebDriverTestExecutionListener@a4b2d8f, org.springframework.boot.test.autoconfigure.webservices.client.MockWebServiceServerTestExecutionListener@dcfda20, org.springframework.boot.test.mock.mockito.ResetMocksTestExecutionListener@6d304f9d]
00:09:19.408 [Test worker] DEBUG org.springframework.test.context.support.AbstractDirtiesContextTestExecutionListener - Before test class: context [DefaultTestContext@66ce957f testClass = CitiesApiApplicationTests, testInstance = [null], testMethod = [null], testException = [null], mergedContextConfiguration = [WebMergedContextConfiguration@55b5f5d2 testClass = CitiesApiApplicationTests, locations = '{}', classes = '{class dio.innovationone.CitiesAPI.CitiesApiApplication}', contextInitializerClasses = '[]', activeProfiles = '{}', propertySourceLocations = '{}', propertySourceProperties = '{org.springframework.boot.test.context.SpringBootTestContextBootstrapper=true}', contextCustomizers = set[org.springframework.boot.test.autoconfigure.actuate.metrics.MetricsExportContextCustomizerFactory$DisableMetricExportContextCustomizer@2d778add, org.springframework.boot.test.autoconfigure.properties.PropertyMappingContextCustomizer@0, org.springframework.boot.test.autoconfigure.web.servlet.WebDriverContextCustomizerFactory$Customizer@35645047, org.springframework.boot.test.context.filter.ExcludeFilterContextCustomizer@5ddcc487, org.springframework.boot.test.json.DuplicateJsonObjectContextCustomizerFactory$DuplicateJsonObjectContextCustomizer@d771cc9, org.springframework.boot.test.mock.mockito.MockitoContextCustomizer@0, org.springframework.boot.test.web.client.TestRestTemplateContextCustomizer@19c65cdc, org.springframework.boot.test.context.SpringBootTestArgs@1, org.springframework.boot.test.context.SpringBootTestWebEnvironment@65d09a04], resourceBasePath = 'src/main/webapp', contextLoader = 'org.springframework.boot.test.context.SpringBootContextLoader', parent = [null]], attributes = map['org.springframework.test.context.web.ServletTestExecutionListener.activateListener' -> true]], class annotated with @DirtiesContext [false] with mode [null].

  .   ____          _            __ _ _
 /\\ / ___'_ __ _ _(_)_ __  __ _ \ \ \ \
( ( )\___ | '_ | '_| | '_ \/ _` | \ \ \ \
 \\/  ___)| |_)| | | | | || (_| |  ) ) ) )
  '  |____| .__|_| |_|_| |_\__, | / / / /
 =========|_|==============|___/=/_/_/_/
 :: Spring Boot ::                (v2.6.4)

2022-03-24 00:09:19.580  INFO 4599 --- [    Test worker] d.i.CitiesAPI.CitiesApiApplicationTests  : Starting CitiesApiApplicationTests using Java 11.0.14 on GPMrks with PID 4599 (started by gpmrks in /home/gpmrks/CitiesAPI)
2022-03-24 00:09:19.581  INFO 4599 --- [    Test worker] d.i.CitiesAPI.CitiesApiApplicationTests  : No active profile set, falling back to 1 default profile: "default"
2022-03-24 00:09:19.950  INFO 4599 --- [    Test worker] .s.d.r.c.RepositoryConfigurationDelegate : Bootstrapping Spring Data JPA repositories in DEFAULT mode.
2022-03-24 00:09:19.974  INFO 4599 --- [    Test worker] .s.d.r.c.RepositoryConfigurationDelegate : Finished Spring Data repository scanning in 20 ms. Found 1 JPA repository interfaces.
2022-03-24 00:09:20.227  INFO 4599 --- [    Test worker] com.zaxxer.hikari.HikariDataSource       : HikariPool-1 - Starting...
2022-03-24 00:09:20.341  INFO 4599 --- [    Test worker] com.zaxxer.hikari.HikariDataSource       : HikariPool-1 - Start completed.
2022-03-24 00:09:20.390  INFO 4599 --- [    Test worker] o.hibernate.jpa.internal.util.LogHelper  : HHH000204: Processing PersistenceUnitInfo [name: default]
2022-03-24 00:09:20.425  INFO 4599 --- [    Test worker] org.hibernate.Version                    : HHH000412: Hibernate ORM core version 5.6.5.Final
2022-03-24 00:09:20.534  INFO 4599 --- [    Test worker] o.hibernate.annotations.common.Version   : HCANN000001: Hibernate Commons Annotations {5.1.2.Final}
2022-03-24 00:09:20.614  INFO 4599 --- [    Test worker] org.hibernate.dialect.Dialect            : HHH000400: Using dialect: org.hibernate.dialect.PostgreSQL10Dialect
2022-03-24 00:09:20.924  INFO 4599 --- [    Test worker] o.h.e.t.j.p.i.JtaPlatformInitiator       : HHH000490: Using JtaPlatform implementation: [org.hibernate.engine.transaction.jta.platform.internal.NoJtaPlatform]
2022-03-24 00:09:20.928  INFO 4599 --- [    Test worker] j.LocalContainerEntityManagerFactoryBean : Initialized JPA EntityManagerFactory for persistence unit 'default'
2022-03-24 00:09:21.243  WARN 4599 --- [    Test worker] JpaBaseConfiguration$JpaWebConfiguration : spring.jpa.open-in-view is enabled by default. Therefore, database queries may be performed during view rendering. Explicitly configure spring.jpa.open-in-view to disable this warning
2022-03-24 00:09:21.621  INFO 4599 --- [    Test worker] d.i.CitiesAPI.CitiesApiApplicationTests  : Started CitiesApiApplicationTests in 2.195 seconds (JVM running for 2.774)
]]></system-out>
  <system-err><![CDATA[]]></system-err>
</testsuite>
