<?xml version="1.0" encoding="UTF-8"?>
<testsuite name="dio.innovationone.CitiesAPI.CitiesApiApplicationTests" tests="1" skipped="0" failures="0" errors="0" timestamp="2022-03-26T05:04:51" hostname="GPMrks" time="0.065">
  <properties/>
  <testcase name="contextLoads()" classname="dio.innovationone.CitiesAPI.CitiesApiApplicationTests" time="0.065"/>
  <system-out><![CDATA[02:04:48.564 [Test worker] DEBUG org.springframework.test.context.BootstrapUtils - Instantiating CacheAwareContextLoaderDelegate from class [org.springframework.test.context.cache.DefaultCacheAwareContextLoaderDelegate]
02:04:48.570 [Test worker] DEBUG org.springframework.test.context.BootstrapUtils - Instantiating BootstrapContext using constructor [public org.springframework.test.context.support.DefaultBootstrapContext(java.lang.Class,org.springframework.test.context.CacheAwareContextLoaderDelegate)]
02:04:48.591 [Test worker] DEBUG org.springframework.test.context.BootstrapUtils - Instantiating TestContextBootstrapper for test class [dio.innovationone.CitiesAPI.CitiesApiApplicationTests] from class [org.springframework.boot.test.context.SpringBootTestContextBootstrapper]
02:04:48.599 [Test worker] INFO org.springframework.boot.test.context.SpringBootTestContextBootstrapper - Neither @ContextConfiguration nor @ContextHierarchy found for test class [dio.innovationone.CitiesAPI.CitiesApiApplicationTests], using SpringBootContextLoader
02:04:48.601 [Test worker] DEBUG org.springframework.test.context.support.AbstractContextLoader - Did not detect default resource location for test class [dio.innovationone.CitiesAPI.CitiesApiApplicationTests]: class path resource [dio/innovationone/CitiesAPI/CitiesApiApplicationTests-context.xml] does not exist
02:04:48.602 [Test worker] DEBUG org.springframework.test.context.support.AbstractContextLoader - Did not detect default resource location for test class [dio.innovationone.CitiesAPI.CitiesApiApplicationTests]: class path resource [dio/innovationone/CitiesAPI/CitiesApiApplicationTestsContext.groovy] does not exist
02:04:48.602 [Test worker] INFO org.springframework.test.context.support.AbstractContextLoader - Could not detect default resource locations for test class [dio.innovationone.CitiesAPI.CitiesApiApplicationTests]: no resource found for suffixes {-context.xml, Context.groovy}.
02:04:48.602 [Test worker] INFO org.springframework.test.context.support.AnnotationConfigContextLoaderUtils - Could not detect default configuration classes for test class [dio.innovationone.CitiesAPI.CitiesApiApplicationTests]: CitiesApiApplicationTests does not declare any static, non-private, non-final, nested classes annotated with @Configuration.
02:04:48.632 [Test worker] DEBUG org.springframework.test.context.support.ActiveProfilesUtils - Could not find an 'annotation declaring class' for annotation type [org.springframework.test.context.ActiveProfiles] and class [dio.innovationone.CitiesAPI.CitiesApiApplicationTests]
02:04:48.662 [Test worker] DEBUG org.springframework.context.annotation.ClassPathScanningCandidateComponentProvider - Identified candidate component class: file [/home/gpmrks/CitiesAPI/build/classes/java/main/dio/innovationone/CitiesAPI/CitiesApiApplication.class]
02:04:48.662 [Test worker] INFO org.springframework.boot.test.context.SpringBootTestContextBootstrapper - Found @SpringBootConfiguration dio.innovationone.CitiesAPI.CitiesApiApplication for test class dio.innovationone.CitiesAPI.CitiesApiApplicationTests
02:04:48.710 [Test worker] DEBUG org.springframework.boot.test.context.SpringBootTestContextBootstrapper - @TestExecutionListeners is not present for class [dio.innovationone.CitiesAPI.CitiesApiApplicationTests]: using defaults.
02:04:48.711 [Test worker] INFO org.springframework.boot.test.context.SpringBootTestContextBootstrapper - Loaded default TestExecutionListener class names from location [META-INF/spring.factories]: [org.springframework.boot.test.autoconfigure.restdocs.RestDocsTestExecutionListener, org.springframework.boot.test.autoconfigure.web.client.MockRestServiceServerResetTestExecutionListener, org.springframework.boot.test.autoconfigure.web.servlet.MockMvcPrintOnlyOnFailureTestExecutionListener, org.springframework.boot.test.autoconfigure.web.servlet.WebDriverTestExecutionListener, org.springframework.boot.test.autoconfigure.webservices.client.MockWebServiceServerTestExecutionListener, org.springframework.boot.test.mock.mockito.MockitoTestExecutionListener, org.springframework.boot.test.mock.mockito.ResetMocksTestExecutionListener, org.springframework.test.context.web.ServletTestExecutionListener, org.springframework.test.context.support.DirtiesContextBeforeModesTestExecutionListener, org.springframework.test.context.event.ApplicationEventsTestExecutionListener, org.springframework.test.context.support.DependencyInjectionTestExecutionListener, org.springframework.test.context.support.DirtiesContextTestExecutionListener, org.springframework.test.context.transaction.TransactionalTestExecutionListener, org.springframework.test.context.jdbc.SqlScriptsTestExecutionListener, org.springframework.test.context.event.EventPublishingTestExecutionListener]
02:04:48.720 [Test worker] INFO org.springframework.boot.test.context.SpringBootTestContextBootstrapper - Using TestExecutionListeners: [org.springframework.test.context.web.ServletTestExecutionListener@55b5f5d2, org.springframework.test.context.support.DirtiesContextBeforeModesTestExecutionListener@5bfa8cc5, org.springframework.test.context.event.ApplicationEventsTestExecutionListener@666b83a4, org.springframework.boot.test.mock.mockito.MockitoTestExecutionListener@749c877b, org.springframework.boot.test.autoconfigure.SpringBootDependencyInjectionTestExecutionListener@efde75f, org.springframework.test.context.support.DirtiesContextTestExecutionListener@16ecee1, org.springframework.test.context.transaction.TransactionalTestExecutionListener@3b220bcb, org.springframework.test.context.jdbc.SqlScriptsTestExecutionListener@2b95e48b, org.springframework.test.context.event.EventPublishingTestExecutionListener@4a3329b9, org.springframework.boot.test.autoconfigure.restdocs.RestDocsTestExecutionListener@3dddefd8, org.springframework.boot.test.autoconfigure.web.client.MockRestServiceServerResetTestExecutionListener@160ac7fb, org.springframework.boot.test.autoconfigure.web.servlet.MockMvcPrintOnlyOnFailureTestExecutionListener@12bfd80d, org.springframework.boot.test.autoconfigure.web.servlet.WebDriverTestExecutionListener@41925502, org.springframework.boot.test.autoconfigure.webservices.client.MockWebServiceServerTestExecutionListener@13e3c1c7, org.springframework.boot.test.mock.mockito.ResetMocksTestExecutionListener@5316e95f]
02:04:48.722 [Test worker] DEBUG org.springframework.test.context.support.AbstractDirtiesContextTestExecutionListener - Before test class: context [DefaultTestContext@60f7cc1d testClass = CitiesApiApplicationTests, testInstance = [null], testMethod = [null], testException = [null], mergedContextConfiguration = [WebMergedContextConfiguration@11eadcba testClass = CitiesApiApplicationTests, locations = '{}', classes = '{class dio.innovationone.CitiesAPI.CitiesApiApplication}', contextInitializerClasses = '[]', activeProfiles = '{}', propertySourceLocations = '{}', propertySourceProperties = '{org.springframework.boot.test.context.SpringBootTestContextBootstrapper=true}', contextCustomizers = set[org.springframework.boot.test.autoconfigure.actuate.metrics.MetricsExportContextCustomizerFactory$DisableMetricExportContextCustomizer@17d88132, org.springframework.boot.test.autoconfigure.properties.PropertyMappingContextCustomizer@0, org.springframework.boot.test.autoconfigure.web.servlet.WebDriverContextCustomizerFactory$Customizer@1339e7aa, org.springframework.boot.test.context.filter.ExcludeFilterContextCustomizer@12359a82, org.springframework.boot.test.json.DuplicateJsonObjectContextCustomizerFactory$DuplicateJsonObjectContextCustomizer@7164ca4c, org.springframework.boot.test.mock.mockito.MockitoContextCustomizer@0, org.springframework.boot.test.web.client.TestRestTemplateContextCustomizer@7a67e3c6, org.springframework.boot.test.context.SpringBootTestArgs@1, org.springframework.boot.test.context.SpringBootTestWebEnvironment@757277dc], resourceBasePath = 'src/main/webapp', contextLoader = 'org.springframework.boot.test.context.SpringBootContextLoader', parent = [null]], attributes = map['org.springframework.test.context.web.ServletTestExecutionListener.activateListener' -> true]], class annotated with @DirtiesContext [false] with mode [null].

  .   ____          _            __ _ _
 /\\ / ___'_ __ _ _(_)_ __  __ _ \ \ \ \
( ( )\___ | '_ | '_| | '_ \/ _` | \ \ \ \
 \\/  ___)| |_)| | | | | || (_| |  ) ) ) )
  '  |____| .__|_| |_|_| |_\__, | / / / /
 =========|_|==============|___/=/_/_/_/
 :: Spring Boot ::                (v2.6.4)

2022-03-26 02:04:48.940  INFO 2637 --- [    Test worker] d.i.CitiesAPI.CitiesApiApplicationTests  : Starting CitiesApiApplicationTests using Java 11.0.14 on GPMrks with PID 2637 (started by gpmrks in /home/gpmrks/CitiesAPI)
2022-03-26 02:04:48.941  INFO 2637 --- [    Test worker] d.i.CitiesAPI.CitiesApiApplicationTests  : No active profile set, falling back to 1 default profile: "default"
2022-03-26 02:04:49.351  INFO 2637 --- [    Test worker] .s.d.r.c.RepositoryConfigurationDelegate : Bootstrapping Spring Data JPA repositories in DEFAULT mode.
2022-03-26 02:04:49.380  INFO 2637 --- [    Test worker] .s.d.r.c.RepositoryConfigurationDelegate : Finished Spring Data repository scanning in 24 ms. Found 3 JPA repository interfaces.
2022-03-26 02:04:49.665  INFO 2637 --- [    Test worker] com.zaxxer.hikari.HikariDataSource       : HikariPool-1 - Starting...
2022-03-26 02:04:49.788  INFO 2637 --- [    Test worker] com.zaxxer.hikari.HikariDataSource       : HikariPool-1 - Start completed.
2022-03-26 02:04:49.826  INFO 2637 --- [    Test worker] o.hibernate.jpa.internal.util.LogHelper  : HHH000204: Processing PersistenceUnitInfo [name: default]
2022-03-26 02:04:49.857  INFO 2637 --- [    Test worker] org.hibernate.Version                    : HHH000412: Hibernate ORM core version 5.6.5.Final
2022-03-26 02:04:49.980  INFO 2637 --- [    Test worker] o.hibernate.annotations.common.Version   : HCANN000001: Hibernate Commons Annotations {5.1.2.Final}
2022-03-26 02:04:50.052  INFO 2637 --- [    Test worker] org.hibernate.dialect.Dialect            : HHH000400: Using dialect: org.hibernate.dialect.PostgreSQL10Dialect
2022-03-26 02:04:50.130  INFO 2637 --- [    Test worker] Hibernate Types                          : This framework is proudly powered by:

>>>>>>>>>>>>>>>>>>>>>>>>>>>>>>>>>>>>>>>>>>>>>>>>>>>>>>>>>>>>>>>>
 _    _                           _     _
| |  | |                         (_)   | |
| |__| |_   _ _ __   ___ _ __ ___ _ ___| |_ ___ _ __   ___ ___
|  __  | | | | '_ \ / _ \ '__/ __| / __| __/ _ \ '_ \ / __/ _ \
| |  | | |_| | |_) |  __/ |  \__ \ \__ \ ||  __/ | | | (_|  __/
|_|  |_|\__, | .__/ \___|_|  |___/_|___/\__\___|_| |_|\___\___|
         __/ | |
        |___/|_|

At Hypersistence, we only build amazing tools, like Hibernate Types, Flexy Pool, or Hypersistence Optimizer.

What if there were a tool that could automatically detect JPA and Hibernate performance issues?

Hypersistence Optimizer is that tool! For more details, go to: 

https://vladmihalcea.com/hypersistence-optimizer/
<<<<<<<<<<<<<<<<<<<<<<<<<<<<<<<<<<<<<<<<<<<<<<<<<<<<<<<<<<<<<<<<

2022-03-26 02:04:50.400  INFO 2637 --- [    Test worker] o.h.e.t.j.p.i.JtaPlatformInitiator       : HHH000490: Using JtaPlatform implementation: [org.hibernate.engine.transaction.jta.platform.internal.NoJtaPlatform]
2022-03-26 02:04:50.405  INFO 2637 --- [    Test worker] j.LocalContainerEntityManagerFactoryBean : Initialized JPA EntityManagerFactory for persistence unit 'default'
2022-03-26 02:04:50.841  WARN 2637 --- [    Test worker] JpaBaseConfiguration$JpaWebConfiguration : spring.jpa.open-in-view is enabled by default. Therefore, database queries may be performed during view rendering. Explicitly configure spring.jpa.open-in-view to disable this warning
2022-03-26 02:04:51.562  INFO 2637 --- [    Test worker] d.i.CitiesAPI.CitiesApiApplicationTests  : Started CitiesApiApplicationTests in 2.82 seconds (JVM running for 3.494)
]]></system-out>
  <system-err><![CDATA[]]></system-err>
</testsuite>
