<?xml version="1.0" encoding="UTF-8"?>
<testsuite name="dio.innovationone.CitiesAPI.CitiesApiApplicationTests" tests="1" skipped="0" failures="0" errors="0" timestamp="2022-03-25T19:39:25" hostname="GPMrks" time="0.065">
  <properties/>
  <testcase name="contextLoads()" classname="dio.innovationone.CitiesAPI.CitiesApiApplicationTests" time="0.065"/>
  <system-out><![CDATA[16:39:23.151 [Test worker] DEBUG org.springframework.test.context.BootstrapUtils - Instantiating CacheAwareContextLoaderDelegate from class [org.springframework.test.context.cache.DefaultCacheAwareContextLoaderDelegate]
16:39:23.156 [Test worker] DEBUG org.springframework.test.context.BootstrapUtils - Instantiating BootstrapContext using constructor [public org.springframework.test.context.support.DefaultBootstrapContext(java.lang.Class,org.springframework.test.context.CacheAwareContextLoaderDelegate)]
16:39:23.174 [Test worker] DEBUG org.springframework.test.context.BootstrapUtils - Instantiating TestContextBootstrapper for test class [dio.innovationone.CitiesAPI.CitiesApiApplicationTests] from class [org.springframework.boot.test.context.SpringBootTestContextBootstrapper]
16:39:23.181 [Test worker] INFO org.springframework.boot.test.context.SpringBootTestContextBootstrapper - Neither @ContextConfiguration nor @ContextHierarchy found for test class [dio.innovationone.CitiesAPI.CitiesApiApplicationTests], using SpringBootContextLoader
16:39:23.183 [Test worker] DEBUG org.springframework.test.context.support.AbstractContextLoader - Did not detect default resource location for test class [dio.innovationone.CitiesAPI.CitiesApiApplicationTests]: class path resource [dio/innovationone/CitiesAPI/CitiesApiApplicationTests-context.xml] does not exist
16:39:23.184 [Test worker] DEBUG org.springframework.test.context.support.AbstractContextLoader - Did not detect default resource location for test class [dio.innovationone.CitiesAPI.CitiesApiApplicationTests]: class path resource [dio/innovationone/CitiesAPI/CitiesApiApplicationTestsContext.groovy] does not exist
16:39:23.184 [Test worker] INFO org.springframework.test.context.support.AbstractContextLoader - Could not detect default resource locations for test class [dio.innovationone.CitiesAPI.CitiesApiApplicationTests]: no resource found for suffixes {-context.xml, Context.groovy}.
16:39:23.185 [Test worker] INFO org.springframework.test.context.support.AnnotationConfigContextLoaderUtils - Could not detect default configuration classes for test class [dio.innovationone.CitiesAPI.CitiesApiApplicationTests]: CitiesApiApplicationTests does not declare any static, non-private, non-final, nested classes annotated with @Configuration.
16:39:23.207 [Test worker] DEBUG org.springframework.test.context.support.ActiveProfilesUtils - Could not find an 'annotation declaring class' for annotation type [org.springframework.test.context.ActiveProfiles] and class [dio.innovationone.CitiesAPI.CitiesApiApplicationTests]
16:39:23.236 [Test worker] DEBUG org.springframework.context.annotation.ClassPathScanningCandidateComponentProvider - Identified candidate component class: file [/home/gpmrks/CitiesAPI/build/classes/java/main/dio/innovationone/CitiesAPI/CitiesApiApplication.class]
16:39:23.236 [Test worker] INFO org.springframework.boot.test.context.SpringBootTestContextBootstrapper - Found @SpringBootConfiguration dio.innovationone.CitiesAPI.CitiesApiApplication for test class dio.innovationone.CitiesAPI.CitiesApiApplicationTests
16:39:23.297 [Test worker] DEBUG org.springframework.boot.test.context.SpringBootTestContextBootstrapper - @TestExecutionListeners is not present for class [dio.innovationone.CitiesAPI.CitiesApiApplicationTests]: using defaults.
16:39:23.297 [Test worker] INFO org.springframework.boot.test.context.SpringBootTestContextBootstrapper - Loaded default TestExecutionListener class names from location [META-INF/spring.factories]: [org.springframework.boot.test.autoconfigure.restdocs.RestDocsTestExecutionListener, org.springframework.boot.test.autoconfigure.web.client.MockRestServiceServerResetTestExecutionListener, org.springframework.boot.test.autoconfigure.web.servlet.MockMvcPrintOnlyOnFailureTestExecutionListener, org.springframework.boot.test.autoconfigure.web.servlet.WebDriverTestExecutionListener, org.springframework.boot.test.autoconfigure.webservices.client.MockWebServiceServerTestExecutionListener, org.springframework.boot.test.mock.mockito.MockitoTestExecutionListener, org.springframework.boot.test.mock.mockito.ResetMocksTestExecutionListener, org.springframework.test.context.web.ServletTestExecutionListener, org.springframework.test.context.support.DirtiesContextBeforeModesTestExecutionListener, org.springframework.test.context.event.ApplicationEventsTestExecutionListener, org.springframework.test.context.support.DependencyInjectionTestExecutionListener, org.springframework.test.context.support.DirtiesContextTestExecutionListener, org.springframework.test.context.transaction.TransactionalTestExecutionListener, org.springframework.test.context.jdbc.SqlScriptsTestExecutionListener, org.springframework.test.context.event.EventPublishingTestExecutionListener]
16:39:23.305 [Test worker] INFO org.springframework.boot.test.context.SpringBootTestContextBootstrapper - Using TestExecutionListeners: [org.springframework.test.context.web.ServletTestExecutionListener@354fc8f0, org.springframework.test.context.support.DirtiesContextBeforeModesTestExecutionListener@41813449, org.springframework.test.context.event.ApplicationEventsTestExecutionListener@4678a2eb, org.springframework.boot.test.mock.mockito.MockitoTestExecutionListener@5b43fbf6, org.springframework.boot.test.autoconfigure.SpringBootDependencyInjectionTestExecutionListener@1080b026, org.springframework.test.context.support.DirtiesContextTestExecutionListener@58ebfd03, org.springframework.test.context.transaction.TransactionalTestExecutionListener@5b07730f, org.springframework.test.context.jdbc.SqlScriptsTestExecutionListener@1fdfafd2, org.springframework.test.context.event.EventPublishingTestExecutionListener@a4b2d8f, org.springframework.boot.test.autoconfigure.restdocs.RestDocsTestExecutionListener@dcfda20, org.springframework.boot.test.autoconfigure.web.client.MockRestServiceServerResetTestExecutionListener@6d304f9d, org.springframework.boot.test.autoconfigure.web.servlet.MockMvcPrintOnlyOnFailureTestExecutionListener@f73dcd6, org.springframework.boot.test.autoconfigure.web.servlet.WebDriverTestExecutionListener@5c87bfe2, org.springframework.boot.test.autoconfigure.webservices.client.MockWebServiceServerTestExecutionListener@2fea7088, org.springframework.boot.test.mock.mockito.ResetMocksTestExecutionListener@40499e4f]
16:39:23.307 [Test worker] DEBUG org.springframework.test.context.support.AbstractDirtiesContextTestExecutionListener - Before test class: context [DefaultTestContext@749c877b testClass = CitiesApiApplicationTests, testInstance = [null], testMethod = [null], testException = [null], mergedContextConfiguration = [WebMergedContextConfiguration@efde75f testClass = CitiesApiApplicationTests, locations = '{}', classes = '{class dio.innovationone.CitiesAPI.CitiesApiApplication}', contextInitializerClasses = '[]', activeProfiles = '{}', propertySourceLocations = '{}', propertySourceProperties = '{org.springframework.boot.test.context.SpringBootTestContextBootstrapper=true}', contextCustomizers = set[org.springframework.boot.test.autoconfigure.actuate.metrics.MetricsExportContextCustomizerFactory$DisableMetricExportContextCustomizer@7d9e8ef7, org.springframework.boot.test.autoconfigure.properties.PropertyMappingContextCustomizer@0, org.springframework.boot.test.autoconfigure.web.servlet.WebDriverContextCustomizerFactory$Customizer@17d88132, org.springframework.boot.test.context.filter.ExcludeFilterContextCustomizer@36b4091c, org.springframework.boot.test.json.DuplicateJsonObjectContextCustomizerFactory$DuplicateJsonObjectContextCustomizer@3697186, org.springframework.boot.test.mock.mockito.MockitoContextCustomizer@0, org.springframework.boot.test.web.client.TestRestTemplateContextCustomizer@1339e7aa, org.springframework.boot.test.context.SpringBootTestArgs@1, org.springframework.boot.test.context.SpringBootTestWebEnvironment@1190200a], resourceBasePath = 'src/main/webapp', contextLoader = 'org.springframework.boot.test.context.SpringBootContextLoader', parent = [null]], attributes = map['org.springframework.test.context.web.ServletTestExecutionListener.activateListener' -> true]], class annotated with @DirtiesContext [false] with mode [null].

  .   ____          _            __ _ _
 /\\ / ___'_ __ _ _(_)_ __  __ _ \ \ \ \
( ( )\___ | '_ | '_| | '_ \/ _` | \ \ \ \
 \\/  ___)| |_)| | | | | || (_| |  ) ) ) )
  '  |____| .__|_| |_|_| |_\__, | / / / /
 =========|_|==============|___/=/_/_/_/
 :: Spring Boot ::                (v2.6.4)

2022-03-25 16:39:23.521  INFO 7754 --- [    Test worker] d.i.CitiesAPI.CitiesApiApplicationTests  : Starting CitiesApiApplicationTests using Java 11.0.14 on GPMrks with PID 7754 (started by gpmrks in /home/gpmrks/CitiesAPI)
2022-03-25 16:39:23.522  INFO 7754 --- [    Test worker] d.i.CitiesAPI.CitiesApiApplicationTests  : No active profile set, falling back to 1 default profile: "default"
2022-03-25 16:39:23.887  INFO 7754 --- [    Test worker] .s.d.r.c.RepositoryConfigurationDelegate : Bootstrapping Spring Data JPA repositories in DEFAULT mode.
2022-03-25 16:39:23.915  INFO 7754 --- [    Test worker] .s.d.r.c.RepositoryConfigurationDelegate : Finished Spring Data repository scanning in 23 ms. Found 2 JPA repository interfaces.
2022-03-25 16:39:24.156  INFO 7754 --- [    Test worker] com.zaxxer.hikari.HikariDataSource       : HikariPool-1 - Starting...
2022-03-25 16:39:24.263  INFO 7754 --- [    Test worker] com.zaxxer.hikari.HikariDataSource       : HikariPool-1 - Start completed.
2022-03-25 16:39:24.300  INFO 7754 --- [    Test worker] o.hibernate.jpa.internal.util.LogHelper  : HHH000204: Processing PersistenceUnitInfo [name: default]
2022-03-25 16:39:24.325  INFO 7754 --- [    Test worker] org.hibernate.Version                    : HHH000412: Hibernate ORM core version 5.6.5.Final
2022-03-25 16:39:24.408  INFO 7754 --- [    Test worker] o.hibernate.annotations.common.Version   : HCANN000001: Hibernate Commons Annotations {5.1.2.Final}
2022-03-25 16:39:24.468  INFO 7754 --- [    Test worker] org.hibernate.dialect.Dialect            : HHH000400: Using dialect: org.hibernate.dialect.PostgreSQL10Dialect
2022-03-25 16:39:24.533  INFO 7754 --- [    Test worker] Hibernate Types                          : This framework is proudly powered by:

>>>>>>>>>>>>>>>>>>>>>>>>>>>>>>>>>>>>>>>>>>>>>>>>>>>>>>>>>>>>>>>>
 _    _                           _     _
| |  | |                         (_)   | |
| |__| |_   _ _ __   ___ _ __ ___ _ ___| |_ ___ _ __   ___ ___
|  __  | | | | '_ \ / _ \ '__/ __| / __| __/ _ \ '_ \ / __/ _ \
| |  | | |_| | |_) |  __/ |  \__ \ \__ \ ||  __/ | | | (_|  __/
|_|  |_|\__, | .__/ \___|_|  |___/_|___/\__\___|_| |_|\___\___|
         __/ | |
        |___/|_|

At Hypersistence, we only build amazing tools, like Hibernate Types, Flexy Pool, or Hypersistence Optimizer.

What if there were a tool that could automatically detect JPA and Hibernate performance issues?

Hypersistence Optimizer is that tool! For more details, go to: 

https://vladmihalcea.com/hypersistence-optimizer/
<<<<<<<<<<<<<<<<<<<<<<<<<<<<<<<<<<<<<<<<<<<<<<<<<<<<<<<<<<<<<<<<

2022-03-25 16:39:24.769  INFO 7754 --- [    Test worker] o.h.e.t.j.p.i.JtaPlatformInitiator       : HHH000490: Using JtaPlatform implementation: [org.hibernate.engine.transaction.jta.platform.internal.NoJtaPlatform]
2022-03-25 16:39:24.773  INFO 7754 --- [    Test worker] j.LocalContainerEntityManagerFactoryBean : Initialized JPA EntityManagerFactory for persistence unit 'default'
2022-03-25 16:39:25.053  WARN 7754 --- [    Test worker] JpaBaseConfiguration$JpaWebConfiguration : spring.jpa.open-in-view is enabled by default. Therefore, database queries may be performed during view rendering. Explicitly configure spring.jpa.open-in-view to disable this warning
2022-03-25 16:39:25.348  INFO 7754 --- [    Test worker] d.i.CitiesAPI.CitiesApiApplicationTests  : Started CitiesApiApplicationTests in 2.019 seconds (JVM running for 2.619)
]]></system-out>
  <system-err><![CDATA[]]></system-err>
</testsuite>
